0 info it worked if it ends with ok
1 verbose cli [ '/Users/tgorissen/.nvm/versions/node/v6.9.4/bin/node',
1 verbose cli   '/Users/tgorissen/.nvm/versions/node/v6.9.4/bin/npm',
1 verbose cli   'run',
1 verbose cli   'serve' ]
2 info using npm@3.10.10
3 info using node@v6.9.4
4 verbose run-script [ 'preserve', 'serve', 'postserve' ]
5 info lifecycle 2018.jsconf.asia@~preserve: 2018.jsconf.asia@
6 silly lifecycle 2018.jsconf.asia@~preserve: no script for preserve, continuing
7 info lifecycle 2018.jsconf.asia@~serve: 2018.jsconf.asia@
8 verbose lifecycle 2018.jsconf.asia@~serve: unsafe-perm in lifecycle true
9 verbose lifecycle 2018.jsconf.asia@~serve: PATH: /Users/tgorissen/.nvm/versions/node/v6.9.4/lib/node_modules/npm/bin/node-gyp-bin:/Users/tgorissen/Sites/2018.jsconf.asia/node_modules/.bin:/Users/tgorissen/.jenv/shims:/Users/tgorissen/.nvm/versions/node/v6.9.4/bin:/usr/local/bin:/usr/bin:/bin:/usr/sbin:/sbin:/opt/X11/bin
10 verbose lifecycle 2018.jsconf.asia@~serve: CWD: /Users/tgorissen/Sites/2018.jsconf.asia
11 silly lifecycle 2018.jsconf.asia@~serve: Args: [ '-c',
11 silly lifecycle   'http2server start --config http2server.development.conf.js' ]
12 silly lifecycle 2018.jsconf.asia@~serve: Returned: code: 9  signal: null
13 info lifecycle 2018.jsconf.asia@~serve: Failed to exec serve script
14 verbose stack Error: 2018.jsconf.asia@ serve: `http2server start --config http2server.development.conf.js`
14 verbose stack Exit status 9
14 verbose stack     at EventEmitter.<anonymous> (/Users/tgorissen/.nvm/versions/node/v6.9.4/lib/node_modules/npm/lib/utils/lifecycle.js:255:16)
14 verbose stack     at emitTwo (events.js:106:13)
14 verbose stack     at EventEmitter.emit (events.js:191:7)
14 verbose stack     at ChildProcess.<anonymous> (/Users/tgorissen/.nvm/versions/node/v6.9.4/lib/node_modules/npm/lib/utils/spawn.js:40:14)
14 verbose stack     at emitTwo (events.js:106:13)
14 verbose stack     at ChildProcess.emit (events.js:191:7)
14 verbose stack     at maybeClose (internal/child_process.js:877:16)
14 verbose stack     at Process.ChildProcess._handle.onexit (internal/child_process.js:226:5)
15 verbose pkgid 2018.jsconf.asia@
16 verbose cwd /Users/tgorissen/Sites/2018.jsconf.asia
17 error Darwin 16.7.0
18 error argv "/Users/tgorissen/.nvm/versions/node/v6.9.4/bin/node" "/Users/tgorissen/.nvm/versions/node/v6.9.4/bin/npm" "run" "serve"
19 error node v6.9.4
20 error npm  v3.10.10
21 error code ELIFECYCLE
22 error 2018.jsconf.asia@ serve: `http2server start --config http2server.development.conf.js`
22 error Exit status 9
23 error Failed at the 2018.jsconf.asia@ serve script 'http2server start --config http2server.development.conf.js'.
23 error Make sure you have the latest version of node.js and npm installed.
23 error If you do, this is most likely a problem with the 2018.jsconf.asia package,
23 error not with npm itself.
23 error Tell the author that this fails on your system:
23 error     http2server start --config http2server.development.conf.js
23 error You can get information on how to open an issue for this project with:
23 error     npm bugs 2018.jsconf.asia
23 error Or if that isn't available, you can get their info via:
23 error     npm owner ls 2018.jsconf.asia
23 error There is likely additional logging output above.
24 verbose exit [ 1, true ]
